<?xml version="1.0" encoding="UTF-8"?>
<testng-results ignored="0" total="7" passed="7" failed="0" skipped="0">
  <reporter-output>
  </reporter-output>
  <suite started-at="2025-05-31T14:41:32 IST" name="Default suite" finished-at="2025-05-31T14:41:42 IST" duration-ms="10010">
    <groups>
    </groups>
    <test started-at="2025-05-31T14:41:32 IST" name="Default test" finished-at="2025-05-31T14:41:42 IST" duration-ms="10010">
      <class name="com.SDETCapstone.RestAssuredCapstone.RestAssuredTest">
        <test-method is-config="true" signature="setup()[pri:0, instance:com.SDETCapstone.RestAssuredCapstone.RestAssuredTest@443118b0]" started-at="2025-05-31T14:41:32 IST" name="setup" finished-at="2025-05-31T14:41:32 IST" duration-ms="679" status="PASS">
          <reporter-output>
          </reporter-output>
        </test-method> <!-- setup -->
        <test-method signature="reqResNegativeCase(java.lang.String,java.lang.String)[pri:0, instance:com.SDETCapstone.RestAssuredCapstone.RestAssuredTest@443118b0]" started-at="2025-05-31T14:41:34 IST" name="reqResNegativeCase" data-provider="excelData2" finished-at="2025-05-31T14:41:37 IST" duration-ms="3463" status="PASS">
          <params>
            <param index="0">
              <value>
                <![CDATA[abcd@gmail.com]]>
              </value>
            </param>
            <param index="1">
              <value>
                <![CDATA[Abcd@123]]>
              </value>
            </param>
          </params>
          <reporter-output>
          </reporter-output>
        </test-method> <!-- reqResNegativeCase -->
        <test-method signature="reqResPositiveCase(java.lang.String,java.lang.String)[pri:0, instance:com.SDETCapstone.RestAssuredCapstone.RestAssuredTest@443118b0]" started-at="2025-05-31T14:41:37 IST" name="reqResPositiveCase" data-provider="excelData1" finished-at="2025-05-31T14:41:38 IST" duration-ms="863" status="PASS">
          <params>
            <param index="0">
              <value>
                <![CDATA[george.bluth@reqres.in]]>
              </value>
            </param>
            <param index="1">
              <value>
                <![CDATA[pistol]]>
              </value>
            </param>
          </params>
          <reporter-output>
          </reporter-output>
        </test-method> <!-- reqResPositiveCase -->
        <test-method signature="reqResPositiveCase(java.lang.String,java.lang.String)[pri:0, instance:com.SDETCapstone.RestAssuredCapstone.RestAssuredTest@443118b0]" started-at="2025-05-31T14:41:38 IST" name="reqResPositiveCase" data-provider="excelData1" finished-at="2025-05-31T14:41:39 IST" duration-ms="785" status="PASS">
          <params>
            <param index="0">
              <value>
                <![CDATA[janet.weaver@reqres.in]]>
              </value>
            </param>
            <param index="1">
              <value>
                <![CDATA[pistol]]>
              </value>
            </param>
          </params>
          <reporter-output>
          </reporter-output>
        </test-method> <!-- reqResPositiveCase -->
        <test-method signature="reqResPositiveCase(java.lang.String,java.lang.String)[pri:0, instance:com.SDETCapstone.RestAssuredCapstone.RestAssuredTest@443118b0]" started-at="2025-05-31T14:41:39 IST" name="reqResPositiveCase" data-provider="excelData1" finished-at="2025-05-31T14:41:40 IST" duration-ms="736" status="PASS">
          <params>
            <param index="0">
              <value>
                <![CDATA[emma.wong@reqres.in]]>
              </value>
            </param>
            <param index="1">
              <value>
                <![CDATA[pistol]]>
              </value>
            </param>
          </params>
          <reporter-output>
          </reporter-output>
        </test-method> <!-- reqResPositiveCase -->
        <test-method signature="reqResPositiveCase(java.lang.String,java.lang.String)[pri:0, instance:com.SDETCapstone.RestAssuredCapstone.RestAssuredTest@443118b0]" started-at="2025-05-31T14:41:40 IST" name="reqResPositiveCase" data-provider="excelData1" finished-at="2025-05-31T14:41:40 IST" duration-ms="706" status="PASS">
          <params>
            <param index="0">
              <value>
                <![CDATA[eve.holt@reqres.in]]>
              </value>
            </param>
            <param index="1">
              <value>
                <![CDATA[pistol]]>
              </value>
            </param>
          </params>
          <reporter-output>
          </reporter-output>
        </test-method> <!-- reqResPositiveCase -->
        <test-method signature="reqResPositiveCase(java.lang.String,java.lang.String)[pri:0, instance:com.SDETCapstone.RestAssuredCapstone.RestAssuredTest@443118b0]" started-at="2025-05-31T14:41:40 IST" name="reqResPositiveCase" data-provider="excelData1" finished-at="2025-05-31T14:41:41 IST" duration-ms="737" status="PASS">
          <params>
            <param index="0">
              <value>
                <![CDATA[charles.morris@reqres.in]]>
              </value>
            </param>
            <param index="1">
              <value>
                <![CDATA[pistol]]>
              </value>
            </param>
          </params>
          <reporter-output>
          </reporter-output>
        </test-method> <!-- reqResPositiveCase -->
        <test-method signature="reqResPositiveCase(java.lang.String,java.lang.String)[pri:0, instance:com.SDETCapstone.RestAssuredCapstone.RestAssuredTest@443118b0]" started-at="2025-05-31T14:41:41 IST" name="reqResPositiveCase" data-provider="excelData1" finished-at="2025-05-31T14:41:42 IST" duration-ms="697" status="PASS">
          <params>
            <param index="0">
              <value>
                <![CDATA[tracey.ramos@reqres.in]]>
              </value>
            </param>
            <param index="1">
              <value>
                <![CDATA[pistol]]>
              </value>
            </param>
          </params>
          <reporter-output>
          </reporter-output>
        </test-method> <!-- reqResPositiveCase -->
      </class> <!-- com.SDETCapstone.RestAssuredCapstone.RestAssuredTest -->
    </test> <!-- Default test -->
  </suite> <!-- Default suite -->
</testng-results>
