<?xml version="1.0" encoding="UTF-8"?>
<!-- Generated by org.testng.reporters.JUnitXMLReporter -->
<testsuite ignored="0" hostname="LAPTOP-6LG2OHSP" failures="0" tests="7" name="Default test" time="10.01" errors="0" timestamp="2025-05-31T14:41:42 IST">
  <testcase classname="com.SDETCapstone.RestAssuredCapstone.RestAssuredTest" name="reqResNegativeCase" time="3.463"/>
  <testcase classname="com.SDETCapstone.RestAssuredCapstone.RestAssuredTest" name="reqResPositiveCase" time="0.863"/>
  <testcase classname="com.SDETCapstone.RestAssuredCapstone.RestAssuredTest" name="reqResPositiveCase" time="0.785"/>
  <testcase classname="com.SDETCapstone.RestAssuredCapstone.RestAssuredTest" name="reqResPositiveCase" time="0.736"/>
  <testcase classname="com.SDETCapstone.RestAssuredCapstone.RestAssuredTest" name="reqResPositiveCase" time="0.706"/>
  <testcase classname="com.SDETCapstone.RestAssuredCapstone.RestAssuredTest" name="reqResPositiveCase" time="0.737"/>
  <testcase classname="com.SDETCapstone.RestAssuredCapstone.RestAssuredTest" name="reqResPositiveCase" time="0.697"/>
</testsuite> <!-- Default test -->
