<?xml version="1.0" encoding="UTF-8"?>
<testng-results ignored="0" total="2" passed="2" failed="0" skipped="0">
  <reporter-output>
  </reporter-output>
  <suite started-at="2025-05-31T15:59:22 IST" name="BDD Suite" finished-at="2025-05-31T15:59:44 IST" duration-ms="22423">
    <groups>
      <group name="cucumber">
        <method signature="AbstractTestNGCucumberTests.runScenario(io.cucumber.testng.PickleWrapper,io.cucumber.testng.FeatureWrapper)[pri:0, instance:testRunner.TestRunnerTestNG@71a8adcf]" name="runScenario" class="io.cucumber.testng.AbstractTestNGCucumberTests"/>
      </group> <!-- cucumber -->
    </groups>
    <test started-at="2025-05-31T15:59:22 IST" name="Cucumber Tests" finished-at="2025-05-31T15:59:44 IST" duration-ms="22423">
      <class name="testRunner.TestRunnerTestNG">
        <test-method is-config="true" signature="setUpClass(org.testng.ITestContext)[pri:0, instance:testRunner.TestRunnerTestNG@71a8adcf]" started-at="2025-05-31T15:59:22 IST" name="setUpClass" finished-at="2025-05-31T15:59:22 IST" duration-ms="427" status="PASS">
          <params>
            <param index="0">
              <value>
                <![CDATA[org.testng.TestRunner@2a3194c6]]>
              </value>
            </param>
          </params>
          <reporter-output>
          </reporter-output>
        </test-method> <!-- setUpClass -->
        <test-method signature="runScenario(io.cucumber.testng.PickleWrapper,io.cucumber.testng.FeatureWrapper)[pri:0, instance:testRunner.TestRunnerTestNG@71a8adcf]" started-at="2025-05-31T15:59:22 IST" name="runScenario" description="Runs Cucumber Scenarios" data-provider="scenarios" finished-at="2025-05-31T15:59:28 IST" duration-ms="5767" status="PASS">
          <params>
            <param index="0">
              <value>
                <![CDATA["Title of the page"]]>
              </value>
            </param>
            <param index="1">
              <value>
                <![CDATA["WebDriverUniversity WebPage Testing"]]>
              </value>
            </param>
          </params>
          <reporter-output>
          </reporter-output>
        </test-method> <!-- runScenario -->
        <test-method signature="runScenario(io.cucumber.testng.PickleWrapper,io.cucumber.testng.FeatureWrapper)[pri:0, instance:testRunner.TestRunnerTestNG@71a8adcf]" started-at="2025-05-31T15:59:28 IST" name="runScenario" description="Runs Cucumber Scenarios" data-provider="scenarios" finished-at="2025-05-31T15:59:43 IST" duration-ms="15662" status="PASS">
          <params>
            <param index="0">
              <value>
                <![CDATA["verify new tab is opened and image is shown"]]>
              </value>
            </param>
            <param index="1">
              <value>
                <![CDATA["WebDriverUniversity WebPage Testing"]]>
              </value>
            </param>
          </params>
          <reporter-output>
          </reporter-output>
        </test-method> <!-- runScenario -->
        <test-method is-config="true" signature="tearDownClass()[pri:0, instance:testRunner.TestRunnerTestNG@71a8adcf]" started-at="2025-05-31T15:59:43 IST" name="tearDownClass" finished-at="2025-05-31T15:59:44 IST" duration-ms="472" status="PASS">
          <reporter-output>
          </reporter-output>
        </test-method> <!-- tearDownClass -->
      </class> <!-- testRunner.TestRunnerTestNG -->
    </test> <!-- Cucumber Tests -->
  </suite> <!-- BDD Suite -->
</testng-results>
