<?xml version="1.0" encoding="UTF-8"?>
<!-- Generated by org.testng.reporters.JUnitXMLReporter -->
<testsuite ignored="0" hostname="LAPTOP-6LG2OHSP" failures="0" tests="2" name="Cucumber Tests" time="22.423" errors="0" timestamp="2025-05-31T15:59:44 IST">
  <testcase classname="io.cucumber.testng.AbstractTestNGCucumberTests" name="runScenario" time="5.767"/>
  <testcase classname="io.cucumber.testng.AbstractTestNGCucumberTests" name="runScenario" time="15.662"/>
</testsuite> <!-- Cucumber Tests -->
